2019-12-07 10:25:56.602  INFO 14968 --- [restartedMain] c.y.s.cruddemo.CruddemoApplication       : Starting CruddemoApplication on berna-MacBook-Air.local with PID 14968 (/Users/bernacerendemirci/git/SpringBootCRUDDemo/cruddemo/target/classes started by bernacerendemirci in /Users/bernacerendemirci/git/SpringBootCRUDDemo/cruddemo)
2019-12-07 10:25:56.603  INFO 14968 --- [restartedMain] c.y.s.cruddemo.CruddemoApplication       : No active profile set, falling back to default profiles: default
2019-12-07 10:25:57.422  INFO 14968 --- [restartedMain] .s.d.r.c.RepositoryConfigurationDelegate : Bootstrapping Spring Data repositories in DEFAULT mode.
2019-12-07 10:25:57.472  INFO 14968 --- [restartedMain] .s.d.r.c.RepositoryConfigurationDelegate : Finished Spring Data repository scanning in 48ms. Found 1 repository interfaces.
2019-12-07 10:25:57.757  INFO 14968 --- [restartedMain] trationDelegate$BeanPostProcessorChecker : Bean 'org.springframework.transaction.annotation.ProxyTransactionManagementConfiguration' of type [org.springframework.transaction.annotation.ProxyTransactionManagementConfiguration] is not eligible for getting processed by all BeanPostProcessors (for example: not eligible for auto-proxying)
2019-12-07 10:25:57.925  WARN 14968 --- [restartedMain] org.apache.tomcat.util.modeler.Registry  : The MBean registry cannot be disabled because it has already been initialised
2019-12-07 10:25:58.131  INFO 14968 --- [restartedMain] o.s.b.w.embedded.tomcat.TomcatWebServer  : Tomcat initialized with port(s): 8080 (http)
2019-12-07 10:25:58.133  INFO 14968 --- [restartedMain] o.apache.catalina.core.StandardService   : Starting service [Tomcat]
2019-12-07 10:25:58.134  INFO 14968 --- [restartedMain] org.apache.catalina.core.StandardEngine  : Starting Servlet engine: [Apache Tomcat/9.0.27]
2019-12-07 10:25:58.148  INFO 14968 --- [restartedMain] o.a.c.c.C.[Tomcat].[localhost].[/]       : Initializing Spring embedded WebApplicationContext
2019-12-07 10:25:58.148  INFO 14968 --- [restartedMain] o.s.web.context.ContextLoader            : Root WebApplicationContext: initialization completed in 1536 ms
2019-12-07 10:25:58.266  INFO 14968 --- [restartedMain] com.zaxxer.hikari.HikariDataSource       : HikariPool-2 - Starting...
2019-12-07 10:25:58.287  INFO 14968 --- [restartedMain] com.zaxxer.hikari.HikariDataSource       : HikariPool-2 - Start completed.
2019-12-07 10:25:58.293  INFO 14968 --- [restartedMain] o.hibernate.jpa.internal.util.LogHelper  : HHH000204: Processing PersistenceUnitInfo [name: default]
2019-12-07 10:25:58.305  INFO 14968 --- [restartedMain] org.hibernate.dialect.Dialect            : HHH000400: Using dialect: org.hibernate.dialect.MySQL55Dialect
2019-12-07 10:25:58.486  INFO 14968 --- [restartedMain] o.h.e.t.j.p.i.JtaPlatformInitiator       : HHH000490: Using JtaPlatform implementation: [org.hibernate.engine.transaction.jta.platform.internal.NoJtaPlatform]
2019-12-07 10:25:58.487  INFO 14968 --- [restartedMain] j.LocalContainerEntityManagerFactoryBean : Initialized JPA EntityManagerFactory for persistence unit 'default'
2019-12-07 10:25:58.687  WARN 14968 --- [restartedMain] JpaBaseConfiguration$JpaWebConfiguration : spring.jpa.open-in-view is enabled by default. Therefore, database queries may be performed during view rendering. Explicitly configure spring.jpa.open-in-view to disable this warning
2019-12-07 10:25:58.985  INFO 14968 --- [restartedMain] o.s.s.concurrent.ThreadPoolTaskExecutor  : Initializing ExecutorService 'applicationTaskExecutor'
2019-12-07 10:25:59.197  INFO 14968 --- [restartedMain] o.s.b.d.a.OptionalLiveReloadServer       : LiveReload server is running on port 35729
2019-12-07 10:25:59.298  INFO 14968 --- [restartedMain] o.s.b.w.embedded.tomcat.TomcatWebServer  : Tomcat started on port(s): 8080 (http) with context path ''
2019-12-07 10:25:59.304  INFO 14968 --- [restartedMain] c.y.s.cruddemo.CruddemoApplication       : Started CruddemoApplication in 3.05 seconds (JVM running for 167.472)
2019-12-07 10:25:59.311  INFO 14968 --- [restartedMain] .ConditionEvaluationDeltaLoggingListener : Condition evaluation unchanged
2019-12-07 10:26:00.612  INFO 14968 --- [http-nio-8080-exec-1] o.a.c.c.C.[Tomcat].[localhost].[/]       : Initializing Spring DispatcherServlet 'dispatcherServlet'
2019-12-07 10:26:00.613  INFO 14968 --- [http-nio-8080-exec-1] o.s.web.servlet.DispatcherServlet        : Initializing Servlet 'dispatcherServlet'
2019-12-07 10:26:00.624  INFO 14968 --- [http-nio-8080-exec-1] o.s.web.servlet.DispatcherServlet        : Completed initialization in 10 ms
2019-12-07 10:26:00.630  INFO 14968 --- [http-nio-8080-exec-1] c.y.s.c.rest.EmployeeRestController      : Employees have been returned !
2019-12-07 10:26:30.220  INFO 14968 --- [Thread-9] o.s.s.concurrent.ThreadPoolTaskExecutor  : Shutting down ExecutorService 'applicationTaskExecutor'
2019-12-07 10:26:30.229  INFO 14968 --- [Thread-9] j.LocalContainerEntityManagerFactoryBean : Closing JPA EntityManagerFactory for persistence unit 'default'
2019-12-07 10:26:30.230  INFO 14968 --- [Thread-9] com.zaxxer.hikari.HikariDataSource       : HikariPool-2 - Shutdown initiated...
2019-12-07 10:26:30.237  INFO 14968 --- [Thread-9] com.zaxxer.hikari.HikariDataSource       : HikariPool-2 - Shutdown completed.
2019-12-07 10:26:30.578  INFO 14968 --- [restartedMain] c.y.s.cruddemo.CruddemoApplication       : Starting CruddemoApplication on berna-MacBook-Air.local with PID 14968 (/Users/bernacerendemirci/git/SpringBootCRUDDemo/cruddemo/target/classes started by bernacerendemirci in /Users/bernacerendemirci/git/SpringBootCRUDDemo/cruddemo)
2019-12-07 10:26:30.579  INFO 14968 --- [restartedMain] c.y.s.cruddemo.CruddemoApplication       : No active profile set, falling back to default profiles: default
2019-12-07 10:26:31.035  INFO 14968 --- [restartedMain] .s.d.r.c.RepositoryConfigurationDelegate : Bootstrapping Spring Data repositories in DEFAULT mode.
2019-12-07 10:26:31.052  INFO 14968 --- [restartedMain] .s.d.r.c.RepositoryConfigurationDelegate : Finished Spring Data repository scanning in 16ms. Found 1 repository interfaces.
2019-12-07 10:26:31.236  INFO 14968 --- [restartedMain] trationDelegate$BeanPostProcessorChecker : Bean 'org.springframework.transaction.annotation.ProxyTransactionManagementConfiguration' of type [org.springframework.transaction.annotation.ProxyTransactionManagementConfiguration] is not eligible for getting processed by all BeanPostProcessors (for example: not eligible for auto-proxying)
2019-12-07 10:26:31.293  WARN 14968 --- [restartedMain] org.apache.tomcat.util.modeler.Registry  : The MBean registry cannot be disabled because it has already been initialised
2019-12-07 10:26:31.343  INFO 14968 --- [restartedMain] o.s.b.w.embedded.tomcat.TomcatWebServer  : Tomcat initialized with port(s): 8080 (http)
2019-12-07 10:26:31.351  INFO 14968 --- [restartedMain] o.apache.catalina.core.StandardService   : Starting service [Tomcat]
2019-12-07 10:26:31.352  INFO 14968 --- [restartedMain] org.apache.catalina.core.StandardEngine  : Starting Servlet engine: [Apache Tomcat/9.0.27]
2019-12-07 10:26:31.388  INFO 14968 --- [restartedMain] o.a.c.c.C.[Tomcat].[localhost].[/]       : Initializing Spring embedded WebApplicationContext
2019-12-07 10:26:31.388  INFO 14968 --- [restartedMain] o.s.web.context.ContextLoader            : Root WebApplicationContext: initialization completed in 800 ms
2019-12-07 10:26:31.499  INFO 14968 --- [restartedMain] com.zaxxer.hikari.HikariDataSource       : HikariPool-3 - Starting...
2019-12-07 10:26:31.526  INFO 14968 --- [restartedMain] com.zaxxer.hikari.HikariDataSource       : HikariPool-3 - Start completed.
2019-12-07 10:26:31.536  INFO 14968 --- [restartedMain] o.hibernate.jpa.internal.util.LogHelper  : HHH000204: Processing PersistenceUnitInfo [name: default]
2019-12-07 10:26:31.564  INFO 14968 --- [restartedMain] org.hibernate.dialect.Dialect            : HHH000400: Using dialect: org.hibernate.dialect.MySQL55Dialect
2019-12-07 10:26:31.851  INFO 14968 --- [restartedMain] o.h.e.t.j.p.i.JtaPlatformInitiator       : HHH000490: Using JtaPlatform implementation: [org.hibernate.engine.transaction.jta.platform.internal.NoJtaPlatform]
2019-12-07 10:26:31.852  INFO 14968 --- [restartedMain] j.LocalContainerEntityManagerFactoryBean : Initialized JPA EntityManagerFactory for persistence unit 'default'
2019-12-07 10:26:32.018  WARN 14968 --- [restartedMain] JpaBaseConfiguration$JpaWebConfiguration : spring.jpa.open-in-view is enabled by default. Therefore, database queries may be performed during view rendering. Explicitly configure spring.jpa.open-in-view to disable this warning
2019-12-07 10:26:32.145  INFO 14968 --- [restartedMain] o.s.s.concurrent.ThreadPoolTaskExecutor  : Initializing ExecutorService 'applicationTaskExecutor'
2019-12-07 10:26:32.243  INFO 14968 --- [restartedMain] o.s.b.d.a.OptionalLiveReloadServer       : LiveReload server is running on port 35729
2019-12-07 10:26:32.280  INFO 14968 --- [restartedMain] o.s.b.w.embedded.tomcat.TomcatWebServer  : Tomcat started on port(s): 8080 (http) with context path ''
2019-12-07 10:26:32.282  INFO 14968 --- [restartedMain] c.y.s.cruddemo.CruddemoApplication       : Started CruddemoApplication in 1.781 seconds (JVM running for 200.449)
2019-12-07 10:26:32.283  INFO 14968 --- [restartedMain] .ConditionEvaluationDeltaLoggingListener : Condition evaluation unchanged
2019-12-07 10:27:26.070  INFO 14968 --- [Thread-14] o.s.s.concurrent.ThreadPoolTaskExecutor  : Shutting down ExecutorService 'applicationTaskExecutor'
2019-12-07 10:27:26.080  INFO 14968 --- [Thread-14] j.LocalContainerEntityManagerFactoryBean : Closing JPA EntityManagerFactory for persistence unit 'default'
2019-12-07 10:27:26.081  INFO 14968 --- [Thread-14] com.zaxxer.hikari.HikariDataSource       : HikariPool-3 - Shutdown initiated...
2019-12-07 10:27:26.097  INFO 14968 --- [Thread-14] com.zaxxer.hikari.HikariDataSource       : HikariPool-3 - Shutdown completed.
2019-12-07 10:27:26.470  INFO 14968 --- [restartedMain] c.y.s.cruddemo.CruddemoApplication       : Starting CruddemoApplication on berna-MacBook-Air.local with PID 14968 (/Users/bernacerendemirci/git/SpringBootCRUDDemo/cruddemo/target/classes started by bernacerendemirci in /Users/bernacerendemirci/git/SpringBootCRUDDemo/cruddemo)
2019-12-07 10:27:26.470  INFO 14968 --- [restartedMain] c.y.s.cruddemo.CruddemoApplication       : No active profile set, falling back to default profiles: default
2019-12-07 10:27:27.051  INFO 14968 --- [restartedMain] .s.d.r.c.RepositoryConfigurationDelegate : Bootstrapping Spring Data repositories in DEFAULT mode.
2019-12-07 10:27:27.069  INFO 14968 --- [restartedMain] .s.d.r.c.RepositoryConfigurationDelegate : Finished Spring Data repository scanning in 17ms. Found 1 repository interfaces.
2019-12-07 10:27:27.261  INFO 14968 --- [restartedMain] trationDelegate$BeanPostProcessorChecker : Bean 'org.springframework.transaction.annotation.ProxyTransactionManagementConfiguration' of type [org.springframework.transaction.annotation.ProxyTransactionManagementConfiguration] is not eligible for getting processed by all BeanPostProcessors (for example: not eligible for auto-proxying)
2019-12-07 10:27:27.335  WARN 14968 --- [restartedMain] org.apache.tomcat.util.modeler.Registry  : The MBean registry cannot be disabled because it has already been initialised
2019-12-07 10:27:27.386  INFO 14968 --- [restartedMain] o.s.b.w.embedded.tomcat.TomcatWebServer  : Tomcat initialized with port(s): 8080 (http)
2019-12-07 10:27:27.387  INFO 14968 --- [restartedMain] o.apache.catalina.core.StandardService   : Starting service [Tomcat]
2019-12-07 10:27:27.387  INFO 14968 --- [restartedMain] org.apache.catalina.core.StandardEngine  : Starting Servlet engine: [Apache Tomcat/9.0.27]
2019-12-07 10:27:27.397  INFO 14968 --- [restartedMain] o.a.c.c.C.[Tomcat].[localhost].[/]       : Initializing Spring embedded WebApplicationContext
2019-12-07 10:27:27.397  INFO 14968 --- [restartedMain] o.s.web.context.ContextLoader            : Root WebApplicationContext: initialization completed in 921 ms
2019-12-07 10:27:27.485  INFO 14968 --- [restartedMain] com.zaxxer.hikari.HikariDataSource       : HikariPool-4 - Starting...
2019-12-07 10:27:27.492  INFO 14968 --- [restartedMain] com.zaxxer.hikari.HikariDataSource       : HikariPool-4 - Start completed.
2019-12-07 10:27:27.505  INFO 14968 --- [restartedMain] o.hibernate.jpa.internal.util.LogHelper  : HHH000204: Processing PersistenceUnitInfo [name: default]
2019-12-07 10:27:27.516  INFO 14968 --- [restartedMain] org.hibernate.dialect.Dialect            : HHH000400: Using dialect: org.hibernate.dialect.MySQL55Dialect
2019-12-07 10:27:27.614  INFO 14968 --- [restartedMain] o.h.e.t.j.p.i.JtaPlatformInitiator       : HHH000490: Using JtaPlatform implementation: [org.hibernate.engine.transaction.jta.platform.internal.NoJtaPlatform]
2019-12-07 10:27:27.615  INFO 14968 --- [restartedMain] j.LocalContainerEntityManagerFactoryBean : Initialized JPA EntityManagerFactory for persistence unit 'default'
2019-12-07 10:27:27.756  WARN 14968 --- [restartedMain] JpaBaseConfiguration$JpaWebConfiguration : spring.jpa.open-in-view is enabled by default. Therefore, database queries may be performed during view rendering. Explicitly configure spring.jpa.open-in-view to disable this warning
2019-12-07 10:27:27.980  INFO 14968 --- [restartedMain] o.s.s.concurrent.ThreadPoolTaskExecutor  : Initializing ExecutorService 'applicationTaskExecutor'
2019-12-07 10:27:28.116  INFO 14968 --- [restartedMain] o.s.b.d.a.OptionalLiveReloadServer       : LiveReload server is running on port 35729
2019-12-07 10:27:28.138  INFO 14968 --- [restartedMain] o.s.b.w.embedded.tomcat.TomcatWebServer  : Tomcat started on port(s): 8080 (http) with context path ''
2019-12-07 10:27:28.141  INFO 14968 --- [restartedMain] c.y.s.cruddemo.CruddemoApplication       : Started CruddemoApplication in 1.745 seconds (JVM running for 256.307)
2019-12-07 10:27:28.148  INFO 14968 --- [restartedMain] .ConditionEvaluationDeltaLoggingListener : Condition evaluation unchanged
2019-12-07 10:27:30.539  INFO 14968 --- [Thread-19] o.s.s.concurrent.ThreadPoolTaskExecutor  : Shutting down ExecutorService 'applicationTaskExecutor'
2019-12-07 10:27:30.540  INFO 14968 --- [Thread-19] j.LocalContainerEntityManagerFactoryBean : Closing JPA EntityManagerFactory for persistence unit 'default'
2019-12-07 10:27:30.541  INFO 14968 --- [Thread-19] com.zaxxer.hikari.HikariDataSource       : HikariPool-4 - Shutdown initiated...
2019-12-07 10:27:30.549  INFO 14968 --- [Thread-19] com.zaxxer.hikari.HikariDataSource       : HikariPool-4 - Shutdown completed.
2019-12-07 10:27:30.841  INFO 14968 --- [restartedMain] c.y.s.cruddemo.CruddemoApplication       : Starting CruddemoApplication on berna-MacBook-Air.local with PID 14968 (/Users/bernacerendemirci/git/SpringBootCRUDDemo/cruddemo/target/classes started by bernacerendemirci in /Users/bernacerendemirci/git/SpringBootCRUDDemo/cruddemo)
2019-12-07 10:27:30.842  INFO 14968 --- [restartedMain] c.y.s.cruddemo.CruddemoApplication       : No active profile set, falling back to default profiles: default
2019-12-07 10:27:31.188  INFO 14968 --- [restartedMain] .s.d.r.c.RepositoryConfigurationDelegate : Bootstrapping Spring Data repositories in DEFAULT mode.
2019-12-07 10:27:31.203  INFO 14968 --- [restartedMain] .s.d.r.c.RepositoryConfigurationDelegate : Finished Spring Data repository scanning in 13ms. Found 1 repository interfaces.
2019-12-07 10:27:31.295  INFO 14968 --- [restartedMain] trationDelegate$BeanPostProcessorChecker : Bean 'org.springframework.transaction.annotation.ProxyTransactionManagementConfiguration' of type [org.springframework.transaction.annotation.ProxyTransactionManagementConfiguration] is not eligible for getting processed by all BeanPostProcessors (for example: not eligible for auto-proxying)
2019-12-07 10:27:31.350  WARN 14968 --- [restartedMain] org.apache.tomcat.util.modeler.Registry  : The MBean registry cannot be disabled because it has already been initialised
2019-12-07 10:27:31.395  INFO 14968 --- [restartedMain] o.s.b.w.embedded.tomcat.TomcatWebServer  : Tomcat initialized with port(s): 8080 (http)
2019-12-07 10:27:31.409  INFO 14968 --- [restartedMain] o.apache.catalina.core.StandardService   : Starting service [Tomcat]
2019-12-07 10:27:31.410  INFO 14968 --- [restartedMain] org.apache.catalina.core.StandardEngine  : Starting Servlet engine: [Apache Tomcat/9.0.27]
2019-12-07 10:27:31.442  INFO 14968 --- [restartedMain] o.a.c.c.C.[Tomcat].[localhost].[/]       : Initializing Spring embedded WebApplicationContext
2019-12-07 10:27:31.444  INFO 14968 --- [restartedMain] o.s.web.context.ContextLoader            : Root WebApplicationContext: initialization completed in 594 ms
2019-12-07 10:27:31.535  INFO 14968 --- [restartedMain] com.zaxxer.hikari.HikariDataSource       : HikariPool-5 - Starting...
2019-12-07 10:27:31.542  INFO 14968 --- [restartedMain] com.zaxxer.hikari.HikariDataSource       : HikariPool-5 - Start completed.
2019-12-07 10:27:31.548  INFO 14968 --- [restartedMain] o.hibernate.jpa.internal.util.LogHelper  : HHH000204: Processing PersistenceUnitInfo [name: default]
2019-12-07 10:27:31.557  INFO 14968 --- [restartedMain] org.hibernate.dialect.Dialect            : HHH000400: Using dialect: org.hibernate.dialect.MySQL55Dialect
2019-12-07 10:27:31.617  INFO 14968 --- [restartedMain] o.h.e.t.j.p.i.JtaPlatformInitiator       : HHH000490: Using JtaPlatform implementation: [org.hibernate.engine.transaction.jta.platform.internal.NoJtaPlatform]
2019-12-07 10:27:31.618  INFO 14968 --- [restartedMain] j.LocalContainerEntityManagerFactoryBean : Initialized JPA EntityManagerFactory for persistence unit 'default'
2019-12-07 10:27:31.754  WARN 14968 --- [restartedMain] JpaBaseConfiguration$JpaWebConfiguration : spring.jpa.open-in-view is enabled by default. Therefore, database queries may be performed during view rendering. Explicitly configure spring.jpa.open-in-view to disable this warning
2019-12-07 10:27:31.905  INFO 14968 --- [restartedMain] o.s.s.concurrent.ThreadPoolTaskExecutor  : Initializing ExecutorService 'applicationTaskExecutor'
2019-12-07 10:27:31.996  INFO 14968 --- [restartedMain] o.s.b.d.a.OptionalLiveReloadServer       : LiveReload server is running on port 35729
2019-12-07 10:27:32.029  INFO 14968 --- [restartedMain] o.s.b.w.embedded.tomcat.TomcatWebServer  : Tomcat started on port(s): 8080 (http) with context path ''
2019-12-07 10:27:32.030  INFO 14968 --- [restartedMain] c.y.s.cruddemo.CruddemoApplication       : Started CruddemoApplication in 1.271 seconds (JVM running for 260.196)
2019-12-07 10:27:32.033  INFO 14968 --- [restartedMain] .ConditionEvaluationDeltaLoggingListener : Condition evaluation unchanged
